[ib-indraditya.github.io/Bioremax_innovation/folderaccessedby/index.html]
[ib-indraditya.github.io/Bioremax_innovation/folderaccessedby/css/style.css]
[ib-indraditya.github.io/Bioremax_innovation/folderaccessedby/js/dynamic.js]
[backblue.gif]
[fade.gif]
[index.html]
[ib-indraditya.github.io/Bioremax_innovation/folderaccessedby/images/bipllogo.png]
[cdn.jsdelivr.net/npm/bootstrap@5.3.2/dist/css/bootstrap.min.css]
[cdn.jsdelivr.net/npm/bootstrap@5.3.2/dist/js/bootstrap.bundle.min.js]
[cdnjs.cloudflare.com/ajax/libs/OwlCarousel2/2.3.4/assets/owl.carousel.min.css]
[cdnjs.cloudflare.com/ajax/libs/OwlCarousel2/2.3.4/assets/owl.theme.default.min.css]
[cdnjs.cloudflare.com/ajax/libs/jquery/3.6.0/jquery.min.js]
[cdnjs.cloudflare.com/ajax/libs/OwlCarousel2/2.3.4/owl.carousel.min.js]
[unpkg.com/aos@2.3.1/dist/aos.css]
[ib-indraditya.github.io/Bioremax_innovation/folderaccessedby/images/banner.jpg]
[ib-indraditya.github.io/Bioremax_innovation/folderaccessedby/about.html]
[kuwaitintl.com/wp-content/uploads/2019/02/325.jpg]
[ib-indraditya.github.io/Bioremax_innovation/folderaccessedby/header.html]
[ib-indraditya.github.io/Bioremax_innovation/folderaccessedby/footer.html]
[ib-indraditya.github.io/Bioremax_innovation/folderaccessedby/index.html]
[ib-indraditya.github.io/Bioremax_innovation/folderaccessedby/css/style.css]
[cdn.jsdelivr.net/npm/bootstrap@5.3.2/dist/css/bootstrap.min.css]
[unpkg.com/aos@2.3.1/dist/aos.js]
[cdnjs.cloudflare.com/ajax/libs/OwlCarousel2/2.3.4/assets/owl.video.play.png]
[cdnjs.cloudflare.com/ajax/libs/OwlCarousel2/2.3.4/assets/owl.carousel.min.css]
[cdnjs.cloudflare.com/ajax/libs/OwlCarousel2/2.3.4/assets/owl.theme.default.min.css]
[unpkg.com/aos@2.3.1/dist/aos.css]
[www.forvismazars.us/getmedia/4d8b059c-873c-4fa8-b14d-5d63b0d9b64f/1351241178-rf-landscape-large.jpg]
[kuwaitintl.com/wp-content/uploads/2019/03/Digitalisation-800x533.jpg]
[kuwaitintl.com/wp-content/uploads/2019/03/digital-800x509.jpg]
[ib-indraditya.github.io/Bioremax_innovation/folderaccessedby/about.html]
[cdn.jsdelivr.net/npm/bootstrap@5.3.3/dist/css/bootstrap.min.css]
[cdn.jsdelivr.net/npm/bootstrap@5.3.3/dist/js/bootstrap.bundle.min.js]
[cdnjs.cloudflare.com/ajax/libs/jquery/3.7.1/jquery.min.js]
[cdnjs.cloudflare.com/ajax/libs/font-awesome/6.7.2/css/all.min.css]
[ib-indraditya.github.io/Bioremax_innovation/folderaccessedby/index-2.html]
[ib-indraditya.github.io/Bioremax_innovation/folderaccessedby/career.html]
[ib-indraditya.github.io/Bioremax_innovation/folderaccessedby/header.html]
[ib-indraditya.github.io/Bioremax_innovation/folderaccessedby/contact.html]
[ib-indraditya.github.io/Bioremax_innovation/folderaccessedby/images/logo.jpeg]
[ib-indraditya.github.io/Bioremax_innovation/folderaccessedby/footer.html]
[cdn.jsdelivr.net/npm/bootstrap@5.3.3/dist/css/bootstrap.min.css]
[cdnjs.cloudflare.com/ajax/libs/font-awesome/6.7.2/css/all.min.css]
[ib-indraditya.github.io/Bioremax_innovation/folderaccessedby/index-2.html]
[www.shutterstock.com/image-photo/business-technology-concept-professional-man-600nw-2309752637.jpg]
[ib-indraditya.github.io/Bioremax_innovation/folderaccessedby/career.html]
[c1.wallpaperflare.com/preview/75/676/30/contact-us-contact-call-us-message-send-thumbnail.jpg]
[ib-indraditya.github.io/Bioremax_innovation/folderaccessedby/contact.html]
[ib-indraditya.github.io/Bioremax_innovation/folderaccessedby/images/logo.html]
